<?xml version="1.0" encoding="UTF-8"?>
<!-- Generated by org.testng.reporters.JUnitXMLReporter -->
<testsuite ignored="0" hostname="LTIN509623" failures="0" tests="3" name="Test1" time="99.199" errors="0" timestamp="2024-11-04T17:39:21 IST">
  <testcase classname="testCases.TC_001_ListOfCarWashingServices" name="topFiveCarWashingCenter" time="9.049"/>
  <testcase classname="testCases.TC_002_ListWithInvalidDataAndRetriveErrorMsg" name="errorMsgForInvalidData" time="19.899"/>
  <testcase classname="testCases.TC_003_RetriveAllGymServicesFilters" name="retriveFilters" time="7.649"/>
</testsuite> <!-- Test1 -->
