<?xml version="1.0" encoding="UTF-8"?>
<testng-results ignored="0" total="3" passed="3" failed="0" skipped="0">
  <reporter-output>
  </reporter-output>
  <suite started-at="2024-11-04T17:37:42 IST" name="Suite" finished-at="2024-11-04T17:39:21 IST" duration-ms="99199">
    <groups>
      <group name="smoke">
        <method signature="TC_002_ListWithInvalidDataAndRetriveErrorMsg.errorMsgForInvalidData()[pri:0, instance:testCases.TC_002_ListWithInvalidDataAndRetriveErrorMsg@290222c1]" name="errorMsgForInvalidData" class="testCases.TC_002_ListWithInvalidDataAndRetriveErrorMsg"/>
      </group> <!-- smoke -->
      <group name="sanity">
        <method signature="TC_001_ListOfCarWashingServices.topFiveCarWashingCenter()[pri:0, instance:testCases.TC_001_ListOfCarWashingServices@550dbc7a]" name="topFiveCarWashingCenter" class="testCases.TC_001_ListOfCarWashingServices"/>
        <method signature="TC_003_RetriveAllGymServicesFilters.retriveFilters()[pri:0, instance:testCases.TC_003_RetriveAllGymServicesFilters@67f639d3]" name="retriveFilters" class="testCases.TC_003_RetriveAllGymServicesFilters"/>
      </group> <!-- sanity -->
    </groups>
    <test started-at="2024-11-04T17:37:42 IST" name="Test1" finished-at="2024-11-04T17:39:21 IST" duration-ms="99199">
      <class name="testCases.TC_003_RetriveAllGymServicesFilters">
        <test-method is-config="true" signature="setup(java.lang.String,java.lang.String)[pri:0, instance:testCases.TC_003_RetriveAllGymServicesFilters@67f639d3]" started-at="2024-11-04T17:39:02 IST" name="setup" finished-at="2024-11-04T17:39:09 IST" duration-ms="6650" status="PASS">
          <params>
            <param index="0">
              <value>
                <![CDATA[Windows]]>
              </value>
            </param>
            <param index="1">
              <value>
                <![CDATA[chrome]]>
              </value>
            </param>
          </params>
          <reporter-output>
          </reporter-output>
        </test-method> <!-- setup -->
        <test-method signature="retriveFilters()[pri:0, instance:testCases.TC_003_RetriveAllGymServicesFilters@67f639d3]" started-at="2024-11-04T17:39:09 IST" name="retriveFilters" finished-at="2024-11-04T17:39:16 IST" duration-ms="7649" status="PASS">
          <reporter-output>
          </reporter-output>
        </test-method> <!-- retriveFilters -->
        <test-method is-config="true" signature="tearDown()[pri:0, instance:testCases.TC_003_RetriveAllGymServicesFilters@67f639d3]" started-at="2024-11-04T17:39:16 IST" name="tearDown" finished-at="2024-11-04T17:39:21 IST" duration-ms="4709" status="PASS">
          <reporter-output>
          </reporter-output>
        </test-method> <!-- tearDown -->
      </class> <!-- testCases.TC_003_RetriveAllGymServicesFilters -->
      <class name="testCases.TC_001_ListOfCarWashingServices">
        <test-method is-config="true" signature="setup(java.lang.String,java.lang.String)[pri:0, instance:testCases.TC_001_ListOfCarWashingServices@550dbc7a]" started-at="2024-11-04T17:37:42 IST" name="setup" finished-at="2024-11-04T17:38:20 IST" duration-ms="37850" status="PASS">
          <params>
            <param index="0">
              <value>
                <![CDATA[Windows]]>
              </value>
            </param>
            <param index="1">
              <value>
                <![CDATA[chrome]]>
              </value>
            </param>
          </params>
          <reporter-output>
          </reporter-output>
        </test-method> <!-- setup -->
        <test-method signature="topFiveCarWashingCenter()[pri:0, instance:testCases.TC_001_ListOfCarWashingServices@550dbc7a]" started-at="2024-11-04T17:38:20 IST" name="topFiveCarWashingCenter" finished-at="2024-11-04T17:38:29 IST" duration-ms="9049" status="PASS">
          <reporter-output>
          </reporter-output>
        </test-method> <!-- topFiveCarWashingCenter -->
        <test-method is-config="true" signature="tearDown()[pri:0, instance:testCases.TC_001_ListOfCarWashingServices@550dbc7a]" started-at="2024-11-04T17:38:29 IST" name="tearDown" finished-at="2024-11-04T17:38:32 IST" duration-ms="2905" status="PASS">
          <reporter-output>
          </reporter-output>
        </test-method> <!-- tearDown -->
      </class> <!-- testCases.TC_001_ListOfCarWashingServices -->
      <class name="testCases.TC_002_ListWithInvalidDataAndRetriveErrorMsg">
        <test-method is-config="true" signature="setup(java.lang.String,java.lang.String)[pri:0, instance:testCases.TC_002_ListWithInvalidDataAndRetriveErrorMsg@290222c1]" started-at="2024-11-04T17:38:32 IST" name="setup" finished-at="2024-11-04T17:38:38 IST" duration-ms="6065" status="PASS">
          <params>
            <param index="0">
              <value>
                <![CDATA[Windows]]>
              </value>
            </param>
            <param index="1">
              <value>
                <![CDATA[chrome]]>
              </value>
            </param>
          </params>
          <reporter-output>
          </reporter-output>
        </test-method> <!-- setup -->
        <test-method signature="errorMsgForInvalidData()[pri:0, instance:testCases.TC_002_ListWithInvalidDataAndRetriveErrorMsg@290222c1]" started-at="2024-11-04T17:38:38 IST" name="errorMsgForInvalidData" finished-at="2024-11-04T17:38:58 IST" duration-ms="19899" status="PASS">
          <reporter-output>
          </reporter-output>
        </test-method> <!-- errorMsgForInvalidData -->
        <test-method is-config="true" signature="tearDown()[pri:0, instance:testCases.TC_002_ListWithInvalidDataAndRetriveErrorMsg@290222c1]" started-at="2024-11-04T17:38:58 IST" name="tearDown" finished-at="2024-11-04T17:39:02 IST" duration-ms="3935" status="PASS">
          <reporter-output>
          </reporter-output>
        </test-method> <!-- tearDown -->
      </class> <!-- testCases.TC_002_ListWithInvalidDataAndRetriveErrorMsg -->
    </test> <!-- Test1 -->
  </suite> <!-- Suite -->
</testng-results>
